  main.cpp
main.obj : error LNK2019: __imp__glewInit@0_main 함수에서 참조되는 확인할 수 없는 외부 기호
main.obj : error LNK2019: __imp__glewGetErrorString@4_main 함수에서 참조되는 확인할 수 없는 외부 기호
main.obj : error LNK2019: _glfwInit_main 함수에서 참조되는 확인할 수 없는 외부 기호
main.obj : error LNK2019: _glfwTerminate"void __cdecl key_pressed(struct GLFWwindow *,int,int,int,int)" (?key_pressed@@YAXPAUGLFWwindow@@HHHH@Z) 함수에서 참조되는 확인할 수 없는 외부 기호
main.obj : error LNK2019: _glfwSetErrorCallback_main 함수에서 참조되는 확인할 수 없는 외부 기호
main.obj : error LNK2019: _glfwWindowHint_main 함수에서 참조되는 확인할 수 없는 외부 기호
main.obj : error LNK2019: _glfwCreateWindow_main 함수에서 참조되는 확인할 수 없는 외부 기호
main.obj : error LNK2019: _glfwDestroyWindow_main 함수에서 참조되는 확인할 수 없는 외부 기호
main.obj : error LNK2019: _glfwWindowShouldClose_main 함수에서 참조되는 확인할 수 없는 외부 기호
main.obj : error LNK2019: _glfwSetWindowSizeCallback_main 함수에서 참조되는 확인할 수 없는 외부 기호
main.obj : error LNK2019: _glfwPollEvents_main 함수에서 참조되는 확인할 수 없는 외부 기호
main.obj : error LNK2019: _glfwSetKeyCallback_main 함수에서 참조되는 확인할 수 없는 외부 기호
main.obj : error LNK2019: _glfwMakeContextCurrent_main 함수에서 참조되는 확인할 수 없는 외부 기호
main.obj : error LNK2019: _glfwSwapBuffers"void __cdecl window_resized(struct GLFWwindow *,int,int)" (?window_resized@@YAXPAUGLFWwindow@@HH@Z) 함수에서 참조되는 확인할 수 없는 외부 기호
main.obj : error LNK2019: _glfwSwapInterval_main 함수에서 참조되는 확인할 수 없는 외부 기호
main.obj : error LNK2019: __imp____glewGetStringi_main 함수에서 참조되는 확인할 수 없는 외부 기호
main.obj : error LNK2019: __imp__glewExperimental_main 함수에서 참조되는 확인할 수 없는 외부 기호
lib\glew32.lib : warning LNK4272: 'x64' 라이브러리 컴퓨터 종류가 'x86' 대상 컴퓨터 종류와 충돌합니다.
lib\glfw3.lib : warning LNK4272: 'x64' 라이브러리 컴퓨터 종류가 'x86' 대상 컴퓨터 종류와 충돌합니다.
C:\Users\tensi\Desktop\OpenGL\OpenGLEngine\Debug\OpenGLEngine.exe : fatal error LNK1120: 17개의 확인할 수 없는 외부 참조입니다.
